<?xml version="1.0" encoding="UTF-8"?>
<testng-results skipped="0" failed="0" ignored="0" total="1" passed="1">
  <reporter-output>
  </reporter-output>
  <suite name="Default suite" duration-ms="35952" started-at="2019-09-05T11:20:24Z" finished-at="2019-09-05T11:21:00Z">
    <groups>
    </groups>
    <test name="Default test" duration-ms="35952" started-at="2019-09-05T11:20:24Z" finished-at="2019-09-05T11:21:00Z">
      <class name="KrishnaSakinala.krishnaSakinala.MakeMyTrip">
        <test-method status="PASS" signature="findJourney()[pri:0, instance:KrishnaSakinala.krishnaSakinala.MakeMyTrip@6451e]" name="findJourney" duration-ms="35876" started-at="2019-09-05T11:20:24Z" finished-at="2019-09-05T11:21:00Z">
          <reporter-output>
          </reporter-output>
        </test-method> <!-- findJourney -->
      </class> <!-- KrishnaSakinala.krishnaSakinala.MakeMyTrip -->
    </test> <!-- Default test -->
  </suite> <!-- Default suite -->
</testng-results>
